---------------------------------------------------------------------------------------------------------------------------------------------------------------------------------------------------------------------------------------------------------------
      name:  <unnamed>
       log:  I:\nick\code\pesticide-use-toxicity\interpolation.log
  log type:  text
 opened on:   4 Mar 2015, 14:07:53

. 
. *load the data
. insheet using "data/chemical_use_clean.csv"
(16 vars, 89548 obs)

. 
. *sort and generate groupid
. sort crop state chemical_name measure year

. egen groupid = group(crop state chemical_name chemical_type measure)

. 
. *duplicates by groupid?
. duplicates report groupid year

Duplicates in terms of groupid year

--------------------------------------
   copies | observations       surplus
----------+---------------------------
        1 |        89548             0
--------------------------------------

. 
. *save tempfile of all variables
. tempfile original

. save "`original'", replace
(note: file C:\Users\POTTER~1\AppData\Local\Temp\ST_01000005.tmp not found)
file C:\Users\POTTER~1\AppData\Local\Temp\ST_01000005.tmp saved

. 
. *tsset the data
. tsset groupid year
       panel variable:  groupid (unbalanced)
        time variable:  year, 1990 to 2012, but with gaps
                delta:  1 unit

. tsfill, full

. 
. *save tempfile of just year and groupid
. keep groupid year 

. tempfile idyear

. save "`idyear'"
file C:\Users\POTTER~1\AppData\Local\Temp\ST_01000006.tmp saved

. 
. *save tempfile of just categorical data, one row for each groupid
. use "`original'"

. drop year value

. bysort groupid: keep if _n==1
(65268 observations deleted)

. tempfile categorical

. save "`categorical'", replace
(note: file C:\Users\POTTER~1\AppData\Local\Temp\ST_01000007.tmp not found)
file C:\Users\POTTER~1\AppData\Local\Temp\ST_01000007.tmp saved

. 
. * merge the year and value data to the categorical data
. merge 1:m groupid using "`idyear'"

    Result                           # of obs.
    -----------------------------------------
    not matched                             0
    matched                           558,440  (_merge==3)
    -----------------------------------------

. 
. *check merge
. tab _merge

                 _merge |      Freq.     Percent        Cum.
------------------------+-----------------------------------
            matched (3) |    558,440      100.00      100.00
------------------------+-----------------------------------
                  Total |    558,440      100.00

. assert _merge==3 //all merged correctly

. drop _merge

. 
. *now add the values
. merge 1:1 groupid year using "`original'"

    Result                           # of obs.
    -----------------------------------------
    not matched                       468,892
        from master                   468,892  (_merge==1)
        from using                          0  (_merge==2)

    matched                            89,548  (_merge==3)
    -----------------------------------------

. 
. *interopolate missing years
. bysort groupid: ipolate value year, gen(ivalue)
(433682 missing values generated)

. 
. sort crop state measure chemical_id year

. 
. *save the interpolated use data
. outsheet using "data/chemical_use_ipol.csv", comma nolabel replace

. 
. 
. *close the log
. log close
      name:  <unnamed>
       log:  I:\nick\code\pesticide-use-toxicity\interpolation.log
  log type:  text
 closed on:   4 Mar 2015, 14:08:21
---------------------------------------------------------------------------------------------------------------------------------------------------------------------------------------------------------------------------------------------------------------
